[2023-02-26 20:50:24]	[done]
	build successfully !

[2023-02-26 21:11:17]	[done]
	build successfully !

[2023-02-26 21:15:13]	[done]
	build successfully !

[2023-02-26 21:18:42]	[done]
	build successfully !

[2023-02-26 21:21:09]	compilation failed at : "c:\Code\Github\my_c51\main.c", exit code: 2
   at unify_builder.Program.Main(String[] args_)
---
C51 COMPILER V9.54 - SN: K1DZC-Y8Q1JC
COPYRIGHT Copyright (C) 2012 - 2015 ARM Ltd and ARM Germany GmbH. All rights reserved.
*** ERROR C202 IN LINE 42 OF my_c.h: 'LED': undefined identifier

C51 COMPILATION COMPLETE.  0 WARNING(S),  1 ERROR(S)

[2023-02-26 21:22:21]	[done]
	build successfully !

[2023-02-26 21:24:39]	[done]
	build successfully !

[2023-02-26 21:48:57]	compilation failed at : "c:\Code\Github\my_c51\main.c", exit code: 2
   at unify_builder.Program.Main(String[] args_)
---
C51 COMPILER V9.54 - SN: K1DZC-Y8Q1JC
COPYRIGHT Copyright (C) 2012 - 2015 ARM Ltd and ARM Germany GmbH. All rights reserved.
*** ERROR C129 IN LINE 36 OF my_c.h: missing ';' before 'M1'

C51 COMPILATION COMPLETE.  0 WARNING(S),  1 ERROR(S)

[2023-02-26 21:49:12]	[done]
	build successfully !

[2023-02-26 21:50:16]	[done]
	build successfully !

[2023-02-26 21:50:35]	[done]
	build successfully !

[2023-02-26 21:52:01]	[done]
	build successfully !

[2023-02-26 21:55:08]	[done]
	build successfully !

[2023-02-26 22:09:23]	compilation failed at : "c:\Code\Github\my_c51\main.c", exit code: 2
   at unify_builder.Program.Main(String[] args_)
---
C51 COMPILER V9.54 - SN: K1DZC-Y8Q1JC
COPYRIGHT Copyright (C) 2012 - 2015 ARM Ltd and ARM Germany GmbH. All rights reserved.
*** ERROR C202 IN LINE 84 OF my_c.h: 'tmp': undefined identifier

C51 COMPILATION COMPLETE.  0 WARNING(S),  1 ERROR(S)

[2023-02-26 22:10:35]	compilation failed at : "c:\Code\Github\my_c51\main.c", exit code: 2
   at unify_builder.Program.Main(String[] args_)
---
C51 COMPILER V9.54 - SN: K1DZC-Y8Q1JC
COPYRIGHT Copyright (C) 2012 - 2015 ARM Ltd and ARM Germany GmbH. All rights reserved.
*** WARNING C206 IN LINE 91 OF my_c.h: 'Delay': missing function-prototype
*** ERROR C267 IN LINE 91 OF my_c.h: 'Delay': requires ANSI-style prototype

C51 COMPILATION COMPLETE.  1 WARNING(S),  1 ERROR(S)

[2023-02-26 22:11:47]	[done]
	build successfully !

[2023-02-26 22:44:14]	compilation failed at : "c:\Code\Github\my_c51\main.c", exit code: 2
   at unify_builder.Program.Main(String[] args_)
---
C51 COMPILER V9.54 - SN: K1DZC-Y8Q1JC
COPYRIGHT Copyright (C) 2012 - 2015 ARM Ltd and ARM Germany GmbH. All rights reserved.
*** ERROR C129 IN LINE 14 OF my_c.h: missing ';' before 'void'

C51 COMPILATION COMPLETE.  0 WARNING(S),  1 ERROR(S)

[2023-02-26 22:44:42]	compilation failed at : "c:\Code\Github\my_c51\main.c", exit code: 2
   at unify_builder.Program.Main(String[] args_)
---
C51 COMPILER V9.54 - SN: K1DZC-Y8Q1JC
COPYRIGHT Copyright (C) 2012 - 2015 ARM Ltd and ARM Germany GmbH. All rights reserved.
*** ERROR C141 IN LINE 155 OF my_c.h: syntax error near 'uchar'
*** ERROR C202 IN LINE 155 OF my_c.h: 'i': undefined identifier
*** ERROR C202 IN LINE 155 OF my_c.h: 'i': undefined identifier
*** ERROR C202 IN LINE 155 OF my_c.h: 'i': undefined identifier
*** ERROR C141 IN LINE 155 OF my_c.h: syntax error near ')'

C51 COMPILATION COMPLETE.  0 WARNING(S),  5 ERROR(S)

[2023-02-26 22:46:28]	[done]
	build successfully !

[2023-02-26 22:46:50]	[done]
	build successfully !

